#
# A fatal error has been detected by the Java Runtime Environment:
#
#  EXCEPTION_ACCESS_VIOLATION (0xc0000005) at pc=0x0000000073718d85, pid=8656, tid=10820
#
# JRE version: Java(TM) SE Runtime Environment (8.0_74-b02) (build 1.8.0_74-b02)
# Java VM: Java HotSpot(TM) 64-Bit Server VM (25.74-b02 mixed mode windows-amd64 compressed oops)
# Problematic frame:
# V  [jvm.dll+0x128d85]
#
# Failed to write core dump. Minidumps are not enabled by default on client versions of Windows
#
# If you would like to submit a bug report, please visit:
#   http://bugreport.java.com/bugreport/crash.jsp
#

---------------  T H R E A D  ---------------

Current thread (0x000000001c4c6800):  JavaThread "JDWP Transport Listener: dt_socket" daemon [_thread_in_vm, id=10820, stack(0x000000001de70000,0x000000001df70000)]

siginfo: ExceptionCode=0xc0000005, reading address 0xffffffffffffffff

Registers:
RAX=0x000000001df6f301, RBX=0x000000001c4c6800, RCX=0x6c65694665636e65, RDX=0x0000000000000000
RSP=0x000000001df6f320, RBP=0x6c65694665636e65, RSI=0x000000001df6f438, RDI=0x0000000002ea8350
R8 =0x000000001c4c6800, R9 =0x0000000000000000, R10=0x0000000000000000, R11=0x0000000000000064
R12=0x0000000000000000, R13=0x000000001c4c4658, R14=0x0000000000000000, R15=0x0000000000000000
RIP=0x0000000073718d85, EFLAGS=0x0000000000010206

Top of Stack: (sp=0x000000001df6f320)
0x000000001df6f320:   000000001c4c6800 000000001c4c6800
0x000000001df6f330:   000000001df6f3e8 000000007391e33b
0x000000001df6f340:   000000001c4c6800 000000007393ab9d
0x000000001df6f350:   0000000000000000 0000000073419155
0x000000001df6f360:   000000001fe66e68 000000007342291e
0x000000001df6f370:   000000001c4c6800 0000000000000000
0x000000001df6f380:   0000000000000000 0000000000000000
0x000000001df6f390:   6c65694665636e65 0000000073421a15
0x000000001df6f3a0:   000000001df6f438 000000001df6f410
0x000000001df6f3b0:   0000000000000001 000000001fe66e68
0x000000001df6f3c0:   6c65694665636e65 00000000734053b3
0x000000001df6f3d0:   000000001df6f500 0000000000000001
0x000000001df6f3e0:   0000000000000001 000000001fe66e68
0x000000001df6f3f0:   0000000000000001 0000000000000000
0x000000001df6f400:   0000000000000000 0000000000000000
0x000000001df6f410:   0000000000000001 0000000073405571 

Instructions: (pc=0x0000000073718d85)
0x0000000073718d65:   cc cc cc cc cc cc cc cc cc cc cc 48 83 ec 28 48
0x0000000073718d75:   85 c9 75 07 33 c0 48 83 c4 28 c3 48 89 5c 24 20
0x0000000073718d85:   48 8b 19 48 85 db 74 20 48 83 fb 37 74 1a 48 8b
0x0000000073718d95:   13 48 8b cb ff 52 10 84 c0 74 0d 48 8b c3 48 8b 


Register to memory mapping:

RAX=0x000000001df6f301 is pointing into the stack for thread: 0x000000001c4c6800
RBX=0x000000001c4c6800 is a thread
RCX=0x6c65694665636e65 is an unknown value
RDX=0x0000000000000000 is an unknown value
RSP=0x000000001df6f320 is pointing into the stack for thread: 0x000000001c4c6800
RBP=0x6c65694665636e65 is an unknown value
RSI=0x000000001df6f438 is pointing into the stack for thread: 0x000000001c4c6800
RDI=0x0000000002ea8350 is an unknown value
R8 =0x000000001c4c6800 is a thread
R9 =0x0000000000000000 is an unknown value
R10=0x0000000000000000 is an unknown value
R11=0x0000000000000064 is an unknown value
R12=0x0000000000000000 is an unknown value
R13=0x000000001c4c4658 is an unknown value
R14=0x0000000000000000 is an unknown value
R15=0x0000000000000000 is an unknown value


Stack: [0x000000001de70000,0x000000001df70000],  sp=0x000000001df6f320,  free space=1020k
Native frames: (J=compiled Java code, j=interpreted, Vv=VM code, C=native code)
V  [jvm.dll+0x128d85]
V  [jvm.dll+0x34ab9d]
C  [jdwp.dll+0x21a15]
C  [jdwp.dll+0x53b3]
C  [jdwp.dll+0x5571]
C  [jdwp.dll+0xf0a8]
C  [jdwp.dll+0x1f2d5]
C  [jdwp.dll+0x1f4aa]
V  [jvm.dll+0x1bba58]
V  [jvm.dll+0x243434]
V  [jvm.dll+0x29a27a]
C  [msvcr100.dll+0x21d9f]
C  [msvcr100.dll+0x21e3b]
C  [KERNEL32.DLL+0x18102]
C  [ntdll.dll+0x5c5b4]


---------------  P R O C E S S  ---------------

Java Threads: ( => current thread )
  0x000000001f81b000 JavaThread "Swing-Shell" daemon [_thread_blocked, id=4104, stack(0x0000000020f00000,0x0000000021000000)]
  0x000000001f81a000 JavaThread "TimerQueue" daemon [_thread_blocked, id=9744, stack(0x0000000020ae0000,0x0000000020be0000)]
  0x000000001f817000 JavaThread "DestroyJavaVM" [_thread_blocked, id=1288, stack(0x0000000002bb0000,0x0000000002cb0000)]
  0x000000001f819000 JavaThread "AWT-EventQueue-0" [_thread_blocked, id=8276, stack(0x0000000020160000,0x0000000020260000)]
  0x000000001e6d1000 JavaThread "AWT-Windows" daemon [_thread_in_native, id=11728, stack(0x000000001ee70000,0x000000001ef70000)]
  0x000000001e6cc000 JavaThread "AWT-Shutdown" [_thread_blocked, id=8168, stack(0x000000001ed70000,0x000000001ee70000)]
  0x000000001e6eb000 JavaThread "Java2D Disposer" daemon [_thread_blocked, id=10920, stack(0x000000001ec70000,0x000000001ed70000)]
  0x000000001e3ab000 JavaThread "Service Thread" daemon [_thread_blocked, id=11096, stack(0x000000001e870000,0x000000001e970000)]
  0x000000001e378800 JavaThread "C1 CompilerThread2" daemon [_thread_blocked, id=10868, stack(0x000000001e770000,0x000000001e870000)]
  0x000000001c4e8000 JavaThread "C2 CompilerThread1" daemon [_thread_blocked, id=7896, stack(0x000000001e270000,0x000000001e370000)]
  0x000000001c4e4800 JavaThread "C2 CompilerThread0" daemon [_thread_blocked, id=8608, stack(0x000000001e170000,0x000000001e270000)]
  0x000000001c4d9800 JavaThread "JDWP Command Reader" daemon [_thread_in_native, id=8712, stack(0x000000001e070000,0x000000001e170000)]
  0x000000001c4d6800 JavaThread "JDWP Event Helper Thread" daemon [_thread_blocked, id=2772, stack(0x000000001df70000,0x000000001e070000)]
=>0x000000001c4c6800 JavaThread "JDWP Transport Listener: dt_socket" daemon [_thread_in_vm, id=10820, stack(0x000000001de70000,0x000000001df70000)]
  0x000000001c4bd800 JavaThread "Attach Listener" daemon [_thread_blocked, id=440, stack(0x000000001da30000,0x000000001db30000)]
  0x000000001c4bc800 JavaThread "Signal Dispatcher" daemon [_thread_blocked, id=9056, stack(0x000000001d930000,0x000000001da30000)]
  0x000000001c4aa000 JavaThread "Finalizer" daemon [_thread_blocked, id=8804, stack(0x000000001d730000,0x000000001d830000)]
  0x000000001c489000 JavaThread "Reference Handler" daemon [_thread_blocked, id=7624, stack(0x000000001d630000,0x000000001d730000)]

Other Threads:
  0x000000001c487000 VMThread [stack: 0x000000001d530000,0x000000001d630000] [id=6220]
  0x000000001e3b8000 WatcherThread [stack: 0x000000001e970000,0x000000001ea70000] [id=10232]

VM state:not at safepoint (normal execution)

VM Mutex/Monitor currently owned by a thread: None

Heap:
 PSYoungGen      total 76288K, used 27518K [0x000000076b180000, 0x0000000770680000, 0x00000007c0000000)
  eden space 65536K, 41% used [0x000000076b180000,0x000000076cc5f9e0,0x000000076f180000)
  from space 10752K, 0% used [0x000000076fc00000,0x000000076fc00000,0x0000000770680000)
  to   space 10752K, 0% used [0x000000076f180000,0x000000076f180000,0x000000076fc00000)
 ParOldGen       total 175104K, used 0K [0x00000006c1400000, 0x00000006cbf00000, 0x000000076b180000)
  object space 175104K, 0% used [0x00000006c1400000,0x00000006c1400000,0x00000006cbf00000)
 Metaspace       used 14713K, capacity 14958K, committed 15360K, reserved 1062912K
  class space    used 1947K, capacity 2006K, committed 2048K, reserved 1048576K

Card table byte_map: [0x0000000012270000,0x0000000012a70000] byte_map_base: 0x000000000ec66000

Marking Bits: (ParMarkBitMap*) 0x0000000073e00600
 Begin Bits: [0x00000000133c0000, 0x0000000017370000)
 End Bits:   [0x0000000017370000, 0x000000001b320000)

Polling page: 0x0000000000fa0000

CodeCache: size=245760Kb used=4579Kb max_used=4636Kb free=241180Kb
 bounds [0x0000000002eb0000, 0x0000000003340000, 0x0000000011eb0000]
 total_blobs=1930 nmethods=1426 adapters=423
 compilation: enabled

Compilation events (10 events):
Event: 84.566 Thread 0x000000001e378800 1484       3       java.util.Random::initialScramble (10 bytes)
Event: 84.566 Thread 0x000000001e378800 nmethod 1484 0x0000000002fd2c10 code [0x0000000002fd2d60, 0x0000000002fd2eb0]
Event: 125.656 Thread 0x000000001e378800 1485       3       java.lang.String::valueOf (14 bytes)
Event: 125.657 Thread 0x000000001e378800 nmethod 1485 0x0000000003127bd0 code [0x0000000003127d40, 0x0000000003127fa8]
Event: 648.336 Thread 0x000000001e378800 1486       3       java.lang.StringBuilder::append (9 bytes)
Event: 648.336 Thread 0x000000001e378800 nmethod 1486 0x0000000002fc7710 code [0x0000000002fc78a0, 0x0000000002fc7c98]
Event: 657.169 Thread 0x000000001e378800 1487       3       java.lang.Long::stringSize (38 bytes)
Event: 657.169 Thread 0x000000001e378800 nmethod 1487 0x0000000002fbf250 code [0x0000000002fbf3c0, 0x0000000002fbf610]
Event: 657.169 Thread 0x000000001e378800 1488       3       java.lang.Long::getChars (221 bytes)
Event: 657.170 Thread 0x000000001e378800 nmethod 1488 0x0000000003062e50 code [0x0000000003063020, 0x00000000030636b0]

GC Heap History (0 events):
No events

Deoptimization events (5 events):
Event: 0.338 Thread 0x0000000002eae000 Uncommon trap: reason=class_check action=maybe_recompile pc=0x000000000301cf38 method=java.lang.String.equals(Ljava/lang/Object;)Z @ 8
Event: 0.338 Thread 0x0000000002eae000 Uncommon trap: reason=class_check action=maybe_recompile pc=0x000000000301cf38 method=java.lang.String.equals(Ljava/lang/Object;)Z @ 8
Event: 0.339 Thread 0x0000000002eae000 Uncommon trap: reason=class_check action=maybe_recompile pc=0x000000000301cf38 method=java.lang.String.equals(Ljava/lang/Object;)Z @ 8
Event: 0.339 Thread 0x0000000002eae000 Uncommon trap: reason=class_check action=maybe_recompile pc=0x000000000301cf38 method=java.lang.String.equals(Ljava/lang/Object;)Z @ 8
Event: 23.421 Thread 0x000000001f819000 Uncommon trap: reason=unstable_if action=reinterpret pc=0x00000000030c97e4 method=java.util.Hashtable.get(Ljava/lang/Object;)Ljava/lang/Object; @ 48

Internal exceptions (10 events):
Event: 0.035 Thread 0x0000000002eae000 Exception <a 'java/lang/NoSuchMethodError': Method sun.misc.Unsafe.prefetchRead(Ljava/lang/Object;J)V name or signature does not match> (0x000000076b187fa8) thrown at [C:\re\workspace\8-2-build-windows-amd64-cygwin\jdk8u74\6087\hotspot\src\share\vm\prims\jöƒý"uõÃ?
Event: 0.156 Thread 0x0000000002eae000 Exception <a 'java/security/PrivilegedActionException'> (0x000000076b20e570) thrown at [C:\re\workspace\8-2-build-windows-amd64-cygwin\jdk8u74\6087\hotspot\src\share\vm\prims\jvm.cpp, line 1386]
Event: 0.156 Thread 0x0000000002eae000 Exception <a 'java/security/PrivilegedActionException'> (0x000000076b20e780) thrown at [C:\re\workspace\8-2-build-windows-amd64-cygwin\jdk8u74\6087\hotspot\src\share\vm\prims\jvm.cpp, line 1386]
Event: 0.157 Thread 0x0000000002eae000 Exception <a 'java/security/PrivilegedActionException'> (0x000000076b212328) thrown at [C:\re\workspace\8-2-build-windows-amd64-cygwin\jdk8u74\6087\hotspot\src\share\vm\prims\jvm.cpp, line 1386]
Event: 0.157 Thread 0x0000000002eae000 Exception <a 'java/security/PrivilegedActionException'> (0x000000076b212538) thrown at [C:\re\workspace\8-2-build-windows-amd64-cygwin\jdk8u74\6087\hotspot\src\share\vm\prims\jvm.cpp, line 1386]
Event: 0.169 Thread 0x0000000002eae000 Exception <a 'java/io/FileNotFoundException'> (0x000000076b2201c0) thrown at [C:\re\workspace\8-2-build-windows-amd64-cygwin\jdk8u74\6087\hotspot\src\share\vm\prims\jni.cpp, line 709]
Event: 0.209 Thread 0x0000000002eae000 Exception <a 'java/lang/NoSuchFieldError': method resolution failed> (0x000000076b57dce0) thrown at [C:\re\workspace\8-2-build-windows-amd64-cygwin\jdk8u74\6087\hotspot\src\share\vm\prims\methodHandles.cpp, line 1146]
Event: 0.214 Thread 0x0000000002eae000 Exception <a 'java/lang/NoSuchFieldError': method resolution failed> (0x000000076b58b0b0) thrown at [C:\re\workspace\8-2-build-windows-amd64-cygwin\jdk8u74\6087\hotspot\src\share\vm\prims\methodHandles.cpp, line 1146]
Event: 0.251 Thread 0x0000000002eae000 Exception <a 'java/io/FileNotFoundException'> (0x000000076b620410) thrown at [C:\re\workspace\8-2-build-windows-amd64-cygwin\jdk8u74\6087\hotspot\src\share\vm\prims\jni.cpp, line 709]
Event: 29.017 Thread 0x000000001f819000 Exception <a 'java/lang/NoSuchMethodError': java.lang.Object.lambda$comparingByValue$1065357e$1(Ljava/util/Map$Entry;Ljava/util/Map$Entry;)I> (0x000000076cb21f90) thrown at [C:\re\workspace\8-2-build-windows-amd64-cygwin\jdk8u74\6087\hotspot\src\share\vm\iÕÝ€â¨Ô¡?

Events (10 events):
Event: 1084.726 Executing VM operation: GetOrSetLocal
Event: 1084.726 Executing VM operation: GetOrSetLocal done
Event: 1084.726 Executing VM operation: GetOrSetLocal
Event: 1084.726 Executing VM operation: GetOrSetLocal done
Event: 1084.727 Executing VM operation: GetOrSetLocal
Event: 1084.727 Executing VM operation: GetOrSetLocal done
Event: 1084.728 Executing VM operation: GetOrSetLocal
Event: 1084.728 Executing VM operation: GetOrSetLocal done
Event: 1273.734 Executing VM operation: RedefineClasses
Event: 1273.742 Executing VM operation: RedefineClasses done


Dynamic libraries:
0x00007ff70d610000 - 0x00007ff70d647000 	C:\Program Files\Java\jre1.8.0_74\bin\javaw.exe
0x00007ffe572b0000 - 0x00007ffe57471000 	C:\WINDOWS\SYSTEM32\ntdll.dll
0x00007ffe56b10000 - 0x00007ffe56bbd000 	C:\WINDOWS\system32\KERNEL32.DLL
0x00007ffe539c0000 - 0x00007ffe53ba8000 	C:\WINDOWS\system32\KERNELBASE.dll
0x00007ffe57200000 - 0x00007ffe572a7000 	C:\WINDOWS\system32\ADVAPI32.dll
0x00007ffe54950000 - 0x00007ffe549ed000 	C:\WINDOWS\system32\msvcrt.dll
0x00007ffe56970000 - 0x00007ffe569cb000 	C:\WINDOWS\system32\sechost.dll
0x00007ffe546b0000 - 0x00007ffe547cc000 	C:\WINDOWS\system32\RPCRT4.dll
0x00007ffe547f0000 - 0x00007ffe54946000 	C:\WINDOWS\system32\USER32.dll
0x00007ffe57000000 - 0x00007ffe57186000 	C:\WINDOWS\system32\GDI32.dll
0x00007ffe42270000 - 0x00007ffe424e4000 	C:\WINDOWS\WinSxS\amd64_microsoft.windows.common-controls_6595b64144ccf1df_6.0.10586.494_none_a2d8b04ea53e3145\COMCTL32.dll
0x00007ffe56630000 - 0x00007ffe568ad000 	C:\WINDOWS\system32\combase.dll
0x00007ffe54640000 - 0x00007ffe546aa000 	C:\WINDOWS\system32\bcryptPrimitives.dll
0x00007ffe54e10000 - 0x00007ffe54e4b000 	C:\WINDOWS\system32\IMM32.DLL
0x0000000073510000 - 0x00000000735e2000 	C:\Program Files\Java\jre1.8.0_74\bin\msvcr100.dll
0x00000000735f0000 - 0x0000000073e80000 	C:\Program Files\Java\jre1.8.0_74\bin\server\jvm.dll
0x00007ffe54e50000 - 0x00007ffe54e58000 	C:\WINDOWS\system32\PSAPI.DLL
0x00007ffe44810000 - 0x00007ffe4481a000 	C:\WINDOWS\SYSTEM32\VERSION.dll
0x00007ffe51da0000 - 0x00007ffe51dc3000 	C:\WINDOWS\SYSTEM32\WINMM.dll
0x00007ffe44960000 - 0x00007ffe44969000 	C:\WINDOWS\SYSTEM32\WSOCK32.dll
0x00007ffe57190000 - 0x00007ffe571fb000 	C:\WINDOWS\system32\WS2_32.dll
0x0000000000f50000 - 0x0000000000f7c000 	C:\WINDOWS\SYSTEM32\WINMMBASE.dll
0x00007ffe53bb0000 - 0x00007ffe53bf3000 	C:\WINDOWS\system32\cfgmgr32.dll
0x0000000073500000 - 0x000000007350f000 	C:\Program Files\Java\jre1.8.0_74\bin\verify.dll
0x00000000734d0000 - 0x00000000734f9000 	C:\Program Files\Java\jre1.8.0_74\bin\java.dll
0x0000000073400000 - 0x0000000073435000 	C:\Program Files\Java\jre1.8.0_74\bin\jdwp.dll
0x00000000733f0000 - 0x00000000733f8000 	C:\Program Files\Java\jre1.8.0_74\bin\npt.dll
0x00000000734b0000 - 0x00000000734c6000 	C:\Program Files\Java\jre1.8.0_74\bin\zip.dll
0x00007ffe54e60000 - 0x00007ffe563bc000 	C:\WINDOWS\system32\SHELL32.dll
0x00007ffe53dd0000 - 0x00007ffe54415000 	C:\WINDOWS\system32\windows.storage.dll
0x00007ffe568b0000 - 0x00007ffe56902000 	C:\WINDOWS\system32\shlwapi.dll
0x00007ffe538e0000 - 0x00007ffe538ef000 	C:\WINDOWS\system32\kernel.appcore.dll
0x00007ffe54580000 - 0x00007ffe54635000 	C:\WINDOWS\system32\shcore.dll
0x00007ffe538f0000 - 0x00007ffe5393b000 	C:\WINDOWS\system32\powrprof.dll
0x00007ffe53940000 - 0x00007ffe53954000 	C:\WINDOWS\system32\profapi.dll
0x00000000733e0000 - 0x00000000733e9000 	C:\Program Files\Java\jre1.8.0_74\bin\dt_socket.dll
0x00007ffe45500000 - 0x00007ffe45516000 	C:\WINDOWS\system32\napinsp.dll
0x00007ffe45520000 - 0x00007ffe4553a000 	C:\WINDOWS\system32\pnrpnsp.dll
0x00007ffe50830000 - 0x00007ffe50848000 	C:\WINDOWS\system32\NLAapi.dll
0x00007ffe53200000 - 0x00007ffe5325c000 	C:\WINDOWS\System32\mswsock.dll
0x00007ffe52020000 - 0x00007ffe520ca000 	C:\WINDOWS\SYSTEM32\DNSAPI.dll
0x00007ffe56bc0000 - 0x00007ffe56bc8000 	C:\WINDOWS\system32\NSI.dll
0x00007ffe45690000 - 0x00007ffe4569d000 	C:\WINDOWS\System32\winrnr.dll
0x00007ffe4ec50000 - 0x00007ffe4ecb7000 	C:\WINDOWS\System32\fwpuclnt.dll
0x00007ffe534d0000 - 0x00007ffe534f9000 	C:\WINDOWS\SYSTEM32\bcrypt.dll
0x00007ffe43f80000 - 0x00007ffe43f8a000 	C:\Windows\System32\rasadhlp.dll
0x0000000073240000 - 0x00000000733d8000 	C:\Program Files\Java\jre1.8.0_74\bin\awt.dll
0x00007ffe56a40000 - 0x00007ffe56b01000 	C:\WINDOWS\system32\OLEAUT32.dll
0x00007ffe51e90000 - 0x00007ffe51f09000 	C:\WINDOWS\system32\apphelp.dll
0x00007ffe50ef0000 - 0x00007ffe50f12000 	C:\WINDOWS\system32\DWMAPI.DLL
0x00007ffe52100000 - 0x00007ffe52196000 	C:\WINDOWS\system32\uxtheme.dll
0x00007ffe563c0000 - 0x00007ffe5651a000 	C:\WINDOWS\system32\MSCTF.dll
0x00007ffe54a50000 - 0x00007ffe54b93000 	C:\WINDOWS\system32\ole32.dll
0x00000000731f0000 - 0x0000000073237000 	C:\Program Files\Java\jre1.8.0_74\bin\fontmanager.dll
0x0000000073490000 - 0x00000000734aa000 	C:\Program Files\Java\jre1.8.0_74\bin\net.dll
0x0000000073470000 - 0x0000000073481000 	C:\Program Files\Java\jre1.8.0_74\bin\nio.dll
0x00000000731a0000 - 0x00000000731e2000 	C:\Program Files\Java\jre1.8.0_74\bin\t2k.dll
0x00007ffe54ba0000 - 0x00007ffe54c47000 	C:\WINDOWS\system32\clbcatq.dll
0x00007ffe4df70000 - 0x00007ffe4e121000 	C:\WINDOWS\SYSTEM32\WindowsCodecs.dll
0x00007ffe45d70000 - 0x00007ffe45dba000 	C:\WINDOWS\system32\dataexchange.dll
0x00007ffe51950000 - 0x00007ffe51a33000 	C:\WINDOWS\system32\dcomp.dll
0x00007ffe4e2c0000 - 0x00007ffe4e568000 	C:\WINDOWS\system32\d3d11.dll
0x00007ffe4e210000 - 0x00007ffe4e2b2000 	C:\WINDOWS\system32\dxgi.dll
0x00007ffe521c0000 - 0x00007ffe522c0000 	C:\WINDOWS\system32\twinapi.appcore.dll
0x00007ffe3ea80000 - 0x00007ffe3eb2a000 	C:\WINDOWS\WinSxS\amd64_microsoft.windows.common-controls_6595b64144ccf1df_5.82.10586.0_none_396e892957c7fb25\comctl32.dll
0x00007ffe51620000 - 0x00007ffe517a6000 	C:\WINDOWS\SYSTEM32\PROPSYS.dll
0x00007ffe50ff0000 - 0x00007ffe51483000 	C:\Windows\System32\ActXPrxy.dll
0x00007ffe32f60000 - 0x00007ffe33087000 	C:\WINDOWS\system32\NetworkExplorer.dll
0x00007ffe44ed0000 - 0x00007ffe44eeb000 	C:\WINDOWS\SYSTEM32\MPR.dll
0x00007ffe49090000 - 0x00007ffe4909b000 	C:\WINDOWS\System32\drprov.dll
0x00007ffe52f20000 - 0x00007ffe52f76000 	C:\WINDOWS\System32\WINSTA.dll
0x00007ffe489f0000 - 0x00007ffe48a06000 	C:\WINDOWS\System32\ntlanman.dll
0x00007ffe48820000 - 0x00007ffe48840000 	C:\WINDOWS\System32\davclnt.dll
0x00007ffe46b60000 - 0x00007ffe46b6c000 	C:\WINDOWS\System32\DAVHLPR.dll
0x00007ffe4ebe0000 - 0x00007ffe4ebf6000 	C:\WINDOWS\System32\wkscli.dll
0x00007ffe449a0000 - 0x00007ffe449b2000 	C:\WINDOWS\SYSTEM32\cscapi.dll
0x00007ffe52ce0000 - 0x00007ffe52cec000 	C:\WINDOWS\System32\netutils.dll
0x00007ffe39010000 - 0x00007ffe3908f000 	C:\Windows\System32\dlnashext.dll
0x00007ffe2b730000 - 0x00007ffe2b74f000 	C:\Windows\System32\DevDispItemProvider.dll
0x00007ffe520d0000 - 0x00007ffe520f7000 	C:\WINDOWS\System32\DEVOBJ.dll
0x00007ffe32080000 - 0x00007ffe32283000 	C:\WINDOWS\system32\wpdshext.dll
0x00007ffe49510000 - 0x00007ffe496b8000 	C:\WINDOWS\WinSxS\amd64_microsoft.windows.gdiplus_6595b64144ccf1df_1.1.10586.494_none_d3c3a333ffd0ab13\gdiplus.dll
0x00007ffe51550000 - 0x00007ffe515f1000 	C:\Windows\System32\PortableDeviceApi.dll
0x00007ffe56bd0000 - 0x00007ffe56ff9000 	C:\WINDOWS\system32\SETUPAPI.dll
0x00007ffe53960000 - 0x00007ffe539b5000 	C:\WINDOWS\system32\WINTRUST.dll
0x00007ffe538d0000 - 0x00007ffe538e0000 	C:\WINDOWS\system32\MSASN1.dll
0x00007ffe53c00000 - 0x00007ffe53dc8000 	C:\WINDOWS\system32\CRYPT32.dll
0x00007ffe38110000 - 0x00007ffe38147000 	C:\Windows\System32\EhStorShell.dll
0x00007ffe40550000 - 0x00007ffe40576000 	C:\Windows\System32\EhStorAPI.dll
0x00007ffe517b0000 - 0x00007ffe517c3000 	C:\Windows\System32\WTSAPI32.dll
0x00007ffe507f0000 - 0x00007ffe507fd000 	C:\WINDOWS\SYSTEM32\LINKINFO.dll
0x00007ffe502d0000 - 0x00007ffe5045c000 	C:\WINDOWS\SYSTEM32\dbghelp.dll

VM Arguments:
jvm_args: -agentlib:jdwp=transport=dt_socket,suspend=y,address=localhost:54759 -Dfile.encoding=Cp1250 
java_command: widok.Okno
java_class_path (initial): D:\projekty\projekty\magistrala\MGR\target\classes;C:\Users\Chomicek\.m2\repository\junit\junit\4.12\junit-4.12.jar;C:\Users\Chomicek\.m2\repository\org\hamcrest\hamcrest-core\1.3\hamcrest-core-1.3.jar
Launcher Type: SUN_STANDARD

Environment Variables:
PATH=C:/Program Files/Java/jre1.8.0_74/bin/server;C:/Program Files/Java/jre1.8.0_74/bin;C:/Program Files/Java/jre1.8.0_74/lib/amd64;C:\ProgramData\Oracle\Java\javapath;C:\Program Files (x86)\Lenovo\FusionEngine;C:\WINDOWS\system32;C:\WINDOWS;C:\WINDOWS\System32\Wbem;C:\WINDOWS\System32\WindowsPowerShell\v1.0\;C:\Program Files (x86)\ATI Technologies\ATI.ACE\Core-Static;C:\Program Files\Intel\WiFi\bin\;C:\Program Files\Common Files\Intel\WirelessCommon\;C:\Program Files\Java\jdk1.8.0_74\bin;C:\Program Files\TortoiseSVN\bin;C:\Program Files (x86)\Skype\Phone\;C:\xampp\php;C:\xampp\mysql\bin\;D:\eclipse\eclipse;
USERNAME=Chomicek
OS=Windows_NT
PROCESSOR_IDENTIFIER=Intel64 Family 6 Model 61 Stepping 4, GenuineIntel



---------------  S Y S T E M  ---------------

OS: Windows 10.0 , 64 bit Build 10586 (10.0.10586.0)

CPU:total 4 (2 cores per cpu, 2 threads per core) family 6 model 61 stepping 4, cmov, cx8, fxsr, mmx, sse, sse2, sse3, ssse3, sse4.1, sse4.2, popcnt, avx, avx2, aes, clmul, erms, 3dnowpref, lzcnt, ht, tsc, tscinvbit, bmi1, bmi2, adx

Memory: 4k page, physical 16688992k(11735148k free), swap 19179360k(13185116k free)

vm_info: Java HotSpot(TM) 64-Bit Server VM (25.74-b02) for windows-amd64 JRE (1.8.0_74-b02), built on Jan 29 2016 17:42:36 by "java_re" with MS VC++ 10.0 (VS2010)

time: Sat Jul 30 13:13:27 2016
elapsed time: 1273 seconds (0d 0h 21m 13s)

